<?xml version="1.0" encoding="UTF-8"?>
<!-- Generated by org.testng.reporters.JUnitXMLReporter -->
<testsuite hostname="LAPTOP-RUBEL" ignored="0" name="resourcePageValidation" tests="1" failures="1" timestamp="27 Jan 2021 07:57:12 GMT" time="1.595" errors="0">
  <testcase name="resourcePageValidation" time="0.06" classname="com.aumni.testcases.resourcePageValidation">
    <failure type="java.lang.AssertionError" message="expected [true] but found [false]">
      <![CDATA[java.lang.AssertionError: expected [true] but found [false]
	at com.aumni.testcases.resourcePageValidation.resourcePageValidation(resourcePageValidation.java:20)
... Removed 29 stack frames]]>
    </failure>
  </testcase> <!-- resourcePageValidation -->
</testsuite> <!-- resourcePageValidation -->
